[debug] [2024-04-13T11:51:42.617Z] ----------------------------------------------------------------------
[debug] [2024-04-13T11:51:42.830Z] Command:       C:\Program Files\nodejs\node.exe C:\Users\Danny16\AppData\Roaming\npm\node_modules\firebase-tools\lib\bin\firebase.js init
[debug] [2024-04-13T11:51:42.833Z] CLI Version:   13.7.2
[debug] [2024-04-13T11:51:42.834Z] Platform:      win32
[debug] [2024-04-13T11:51:42.835Z] Node Version:  v20.12.2
[debug] [2024-04-13T11:51:42.841Z] Time:          Sat Apr 13 2024 06:51:42 GMT-0500 (hora estándar de Colombia)
[debug] [2024-04-13T11:51:42.842Z] ----------------------------------------------------------------------
[debug] 
[debug] [2024-04-13T11:51:42.948Z] > command requires scopes: ["email","openid","https://www.googleapis.com/auth/cloudplatformprojects.readonly","https://www.googleapis.com/auth/firebase","https://www.googleapis.com/auth/cloud-platform"]
[debug] [2024-04-13T11:51:42.951Z] > authorizing via signed-in user (daniloquicenohernandez0216@gmail.com)
[info] 
     ######## #### ########  ######## ########     ###     ######  ########
     ##        ##  ##     ## ##       ##     ##  ##   ##  ##       ##
     ######    ##  ########  ######   ########  #########  ######  ######
     ##        ##  ##    ##  ##       ##     ## ##     ##       ## ##
     ##       #### ##     ## ######## ########  ##     ##  ######  ########

You're about to initialize a Firebase project in this directory:

  C:\Users\Danny16\Desktop\Prueba Linktic\task-linktic

[info] 
=== Project Setup
[info] 
[info] First, let's associate this project directory with a Firebase project.
[info] You can create multiple project aliases by running firebase use --add, 
[info] but for now we'll just set up a default project.
[info] 
[debug] [2024-04-13T11:52:11.636Z] >>> [apiv2][query] GET https://firebase.googleapis.com/v1beta1/projects pageSize=100
[debug] [2024-04-13T11:52:12.798Z] <<< [apiv2][status] GET https://firebase.googleapis.com/v1beta1/projects 200
[debug] [2024-04-13T11:52:12.798Z] <<< [apiv2][body] GET https://firebase.googleapis.com/v1beta1/projects [omitted]
[info] i  Using project quasartask-58420 (QuasarTask) 
[info] 
=== Hosting Setup
[debug] [2024-04-13T11:52:18.489Z] >>> [apiv2][query] GET https://firebase.googleapis.com/v1beta1/projects/quasartask-58420 [none]
[debug] [2024-04-13T11:52:19.041Z] <<< [apiv2][status] GET https://firebase.googleapis.com/v1beta1/projects/quasartask-58420 200
[debug] [2024-04-13T11:52:19.041Z] <<< [apiv2][body] GET https://firebase.googleapis.com/v1beta1/projects/quasartask-58420 {"projectId":"quasartask-58420","projectNumber":"699633013091","displayName":"QuasarTask","name":"projects/quasartask-58420","resources":{"hostingSite":"quasartask-58420"},"state":"ACTIVE","etag":"1_82004ac9-e069-4bb1-bc71-3cc583ff2773"}
[info] 
[info] Your public directory is the folder (relative to your project directory) that
[info] will contain Hosting assets to be uploaded with firebase deploy. If you
[info] have a build process for your assets, use your build's output directory.
[info] 
